build/app/intermediates/manifest_merge_blame_file/release/manifest-merger-blame-release-report.txt
1<?xml version="1.0" encoding="utf-8"?>
2<manifest xmlns:android="http://schemas.android.com/apk/res/android"
3    package="learnigram.app"
4    android:versionCode="1"
5    android:versionName="1.0.0" >
6
7    <uses-sdk
8        android:minSdkVersion="20"
8-->src/main/AndroidManifest.xml
9        android:targetSdkVersion="31" />
9-->src/main/AndroidManifest.xml
10
11    <queries>
11-->src/main/AndroidManifest.xml:4:5-25:17
12
13        <!-- If your app opens https URLs -->
14        <intent>
14-->src/main/AndroidManifest.xml:6:7-9:16
15            <action android:name="android.intent.action.VIEW" />
15-->src/main/AndroidManifest.xml:7:9-61
15-->src/main/AndroidManifest.xml:7:17-58
16
17            <data android:scheme="https" />
17-->src/main/AndroidManifest.xml:8:15-37
18        </intent>
19        <!-- If your app makes calls -->
20        <intent>
20-->src/main/AndroidManifest.xml:11:7-14:16
21            <action android:name="android.intent.action.DIAL" />
21-->src/main/AndroidManifest.xml:12:9-61
21-->src/main/AndroidManifest.xml:12:17-58
22
23            <data android:scheme="tel" />
23-->src/main/AndroidManifest.xml:8:15-37
24        </intent>
25        <!-- If your sends SMS messages -->
26        <intent>
26-->src/main/AndroidManifest.xml:16:7-19:16
27            <action android:name="android.intent.action.SENDTO" />
27-->src/main/AndroidManifest.xml:17:9-63
27-->src/main/AndroidManifest.xml:17:17-60
28
29            <data android:scheme="smsto" />
29-->src/main/AndroidManifest.xml:8:15-37
30        </intent>
31        <!-- If your app sends emails -->
32        <intent>
32-->src/main/AndroidManifest.xml:21:7-24:16
33            <action android:name="android.intent.action.SEND" />
33-->src/main/AndroidManifest.xml:22:9-61
33-->src/main/AndroidManifest.xml:22:17-58
34
35            <data android:mimeType="*/*" />
35-->src/main/AndroidManifest.xml:23:15-37
36        </intent>
37        <intent>
37-->[:flutter_inappwebview] AndroidManifest.xml:10:9-12:18
38            <action android:name="android.support.customtabs.action.CustomTabsService" />
38-->[:flutter_inappwebview] AndroidManifest.xml:11:13-90
38-->[:flutter_inappwebview] AndroidManifest.xml:11:21-87
39        </intent> <!-- For browser content -->
40        <intent>
40-->[com.google.android.gms:play-services-ads-lite:22.0.0] AndroidManifest.xml:35:9-41:18
41            <action android:name="android.intent.action.VIEW" />
41-->src/main/AndroidManifest.xml:7:9-61
41-->src/main/AndroidManifest.xml:7:17-58
42
43            <category android:name="android.intent.category.BROWSABLE" />
43-->src/main/AndroidManifest.xml:92:17-78
43-->src/main/AndroidManifest.xml:92:27-75
44
45            <data android:scheme="https" />
45-->src/main/AndroidManifest.xml:8:15-37
46        </intent>
47    </queries>
48
49    <uses-permission android:name="android.permission.INTERNET" /> <!-- this is mandatory -->
49-->src/main/AndroidManifest.xml:26:7-69
49-->src/main/AndroidManifest.xml:26:24-66
50    <uses-permission android:name="android.permission.ACCESS_NETWORK_STATE" />
50-->src/main/AndroidManifest.xml:27:7-81
50-->src/main/AndroidManifest.xml:27:24-78
51    <uses-permission android:name="android.permission.POST_NOTIFICATIONS" />
51-->src/main/AndroidManifest.xml:28:7-78
51-->src/main/AndroidManifest.xml:28:24-76
52    <uses-permission android:name="android.permission.RECEIVE_BOOT_COMPLETED" />
52-->[:flutter_local_notifications] AndroidManifest.xml:9:5-81
52-->[:flutter_local_notifications] AndroidManifest.xml:9:22-78
53    <uses-permission android:name="android.permission.VIBRATE" />
53-->[:flutter_local_notifications] AndroidManifest.xml:10:5-66
53-->[:flutter_local_notifications] AndroidManifest.xml:10:22-63
54    <uses-permission android:name="android.permission.USE_FULL_SCREEN_INTENT" />
54-->[:flutter_local_notifications] AndroidManifest.xml:11:5-81
54-->[:flutter_local_notifications] AndroidManifest.xml:11:22-78
55    <uses-permission android:name="android.permission.SCHEDULE_EXACT_ALARM" /> <!-- Create a unique permission for your app and use it so only your app can receive your OneSignal messages. -->
55-->[:flutter_local_notifications] AndroidManifest.xml:12:5-79
55-->[:flutter_local_notifications] AndroidManifest.xml:12:22-76
56    <permission
56-->[com.onesignal:OneSignal:4.8.5] AndroidManifest.xml:7:5-9:47
57        android:name="learnigram.app.permission.C2D_MESSAGE"
57-->[com.onesignal:OneSignal:4.8.5] AndroidManifest.xml:8:9-63
58        android:protectionLevel="signature" />
58-->[com.onesignal:OneSignal:4.8.5] AndroidManifest.xml:9:9-44
59
60    <uses-permission android:name="learnigram.app.permission.C2D_MESSAGE" /> <!-- c2dm RECEIVE are basic requirements for push messages through Google's FCM -->
60-->[com.onesignal:OneSignal:4.8.5] AndroidManifest.xml:11:5-79
60-->[com.onesignal:OneSignal:4.8.5] AndroidManifest.xml:11:22-76
61    <uses-permission android:name="com.google.android.c2dm.permission.RECEIVE" /> <!-- Required, makes sure notifications are delivered on time. -->
61-->[com.onesignal:OneSignal:4.8.5] AndroidManifest.xml:18:5-82
61-->[com.onesignal:OneSignal:4.8.5] AndroidManifest.xml:18:22-79
62    <uses-permission android:name="android.permission.WAKE_LOCK" /> <!-- START: ShortcutBadger -->
62-->[com.onesignal:OneSignal:4.8.5] AndroidManifest.xml:19:5-68
62-->[com.onesignal:OneSignal:4.8.5] AndroidManifest.xml:19:22-65
63    <!-- Samsung -->
64    <uses-permission android:name="com.sec.android.provider.badge.permission.READ" />
64-->[com.onesignal:OneSignal:4.8.5] AndroidManifest.xml:32:5-86
64-->[com.onesignal:OneSignal:4.8.5] AndroidManifest.xml:32:22-83
65    <uses-permission android:name="com.sec.android.provider.badge.permission.WRITE" /> <!-- HTC -->
65-->[com.onesignal:OneSignal:4.8.5] AndroidManifest.xml:33:5-87
65-->[com.onesignal:OneSignal:4.8.5] AndroidManifest.xml:33:22-84
66    <uses-permission android:name="com.htc.launcher.permission.READ_SETTINGS" />
66-->[com.onesignal:OneSignal:4.8.5] AndroidManifest.xml:34:5-81
66-->[com.onesignal:OneSignal:4.8.5] AndroidManifest.xml:34:22-78
67    <uses-permission android:name="com.htc.launcher.permission.UPDATE_SHORTCUT" /> <!-- Sony -->
67-->[com.onesignal:OneSignal:4.8.5] AndroidManifest.xml:35:5-83
67-->[com.onesignal:OneSignal:4.8.5] AndroidManifest.xml:35:22-80
68    <uses-permission android:name="com.sonyericsson.home.permission.BROADCAST_BADGE" />
68-->[com.onesignal:OneSignal:4.8.5] AndroidManifest.xml:36:5-88
68-->[com.onesignal:OneSignal:4.8.5] AndroidManifest.xml:36:22-85
69    <uses-permission android:name="com.sonymobile.home.permission.PROVIDER_INSERT_BADGE" /> <!-- Apex -->
69-->[com.onesignal:OneSignal:4.8.5] AndroidManifest.xml:37:5-92
69-->[com.onesignal:OneSignal:4.8.5] AndroidManifest.xml:37:22-89
70    <uses-permission android:name="com.anddoes.launcher.permission.UPDATE_COUNT" /> <!-- Solid -->
70-->[com.onesignal:OneSignal:4.8.5] AndroidManifest.xml:38:5-84
70-->[com.onesignal:OneSignal:4.8.5] AndroidManifest.xml:38:22-81
71    <uses-permission android:name="com.majeur.launcher.permission.UPDATE_BADGE" /> <!-- Huawei -->
71-->[com.onesignal:OneSignal:4.8.5] AndroidManifest.xml:39:5-83
71-->[com.onesignal:OneSignal:4.8.5] AndroidManifest.xml:39:22-80
72    <uses-permission android:name="com.huawei.android.launcher.permission.CHANGE_BADGE" />
72-->[com.onesignal:OneSignal:4.8.5] AndroidManifest.xml:40:5-91
72-->[com.onesignal:OneSignal:4.8.5] AndroidManifest.xml:40:22-88
73    <uses-permission android:name="com.huawei.android.launcher.permission.READ_SETTINGS" />
73-->[com.onesignal:OneSignal:4.8.5] AndroidManifest.xml:41:5-92
73-->[com.onesignal:OneSignal:4.8.5] AndroidManifest.xml:41:22-89
74    <uses-permission android:name="com.huawei.android.launcher.permission.WRITE_SETTINGS" /> <!-- ZUK -->
74-->[com.onesignal:OneSignal:4.8.5] AndroidManifest.xml:42:5-93
74-->[com.onesignal:OneSignal:4.8.5] AndroidManifest.xml:42:22-90
75    <uses-permission android:name="android.permission.READ_APP_BADGE" /> <!-- OPPO -->
75-->[com.onesignal:OneSignal:4.8.5] AndroidManifest.xml:43:5-73
75-->[com.onesignal:OneSignal:4.8.5] AndroidManifest.xml:43:22-70
76    <uses-permission android:name="com.oppo.launcher.permission.READ_SETTINGS" />
76-->[com.onesignal:OneSignal:4.8.5] AndroidManifest.xml:44:5-82
76-->[com.onesignal:OneSignal:4.8.5] AndroidManifest.xml:44:22-79
77    <uses-permission android:name="com.oppo.launcher.permission.WRITE_SETTINGS" /> <!-- EvMe -->
77-->[com.onesignal:OneSignal:4.8.5] AndroidManifest.xml:45:5-83
77-->[com.onesignal:OneSignal:4.8.5] AndroidManifest.xml:45:22-80
78    <uses-permission android:name="me.everything.badger.permission.BADGE_COUNT_READ" />
78-->[com.onesignal:OneSignal:4.8.5] AndroidManifest.xml:46:5-88
78-->[com.onesignal:OneSignal:4.8.5] AndroidManifest.xml:46:22-85
79    <uses-permission android:name="me.everything.badger.permission.BADGE_COUNT_WRITE" />
79-->[com.onesignal:OneSignal:4.8.5] AndroidManifest.xml:47:5-89
79-->[com.onesignal:OneSignal:4.8.5] AndroidManifest.xml:47:22-86
80    <uses-permission android:name="com.google.android.gms.permission.AD_ID" />
80-->[com.google.android.gms:play-services-ads-lite:22.0.0] AndroidManifest.xml:26:5-79
80-->[com.google.android.gms:play-services-ads-lite:22.0.0] AndroidManifest.xml:26:22-76
81    <uses-permission android:name="android.permission.FOREGROUND_SERVICE" />
81-->[androidx.work:work-runtime:2.7.0] AndroidManifest.xml:28:5-77
81-->[androidx.work:work-runtime:2.7.0] AndroidManifest.xml:28:22-74
82
83    <permission
83-->[androidx.core:core:1.10.1] AndroidManifest.xml:22:5-24:47
84        android:name="learnigram.app.DYNAMIC_RECEIVER_NOT_EXPORTED_PERMISSION"
84-->[androidx.core:core:1.10.1] AndroidManifest.xml:23:9-81
85        android:protectionLevel="signature" />
85-->[androidx.core:core:1.10.1] AndroidManifest.xml:24:9-44
86
87    <uses-permission android:name="learnigram.app.DYNAMIC_RECEIVER_NOT_EXPORTED_PERMISSION" /> <!-- uncomment required permissions here -->
87-->[androidx.core:core:1.10.1] AndroidManifest.xml:26:5-97
87-->[androidx.core:core:1.10.1] AndroidManifest.xml:26:22-94
88    <!-- <uses-permission android:name="android.permission.WRITE_EXTERNAL_STORAGE"/> -->
89    <!-- <uses-permission android:name="android.permission.ACCESS_WIFI_STATE" /> -->
90    <!-- <uses-permission android:name="android.permission.CAMERA" /> -->
91    <!-- <uses-feature android:name="android.hardware.camera" /> -->
92    <!-- <uses-permission android:name="android.permission.RECORD_AUDIO" /> -->
93    <!-- <uses-permission android:name="android.permission.MODIFY_AUDIO_SETTINGS" /> -->
94    <!-- <uses-permission android:name="android.permission.VIDEO_CAPTURE" /> -->
95    <!-- <uses-permission android:name="android.permission.AUDIO_CAPTURE" /> -->
96    <!-- <uses-permission android:name="android.permission.BLUETOOTH" /> -->
97    <!-- <uses-permission android:name="android.permission.ACCESS_COARSE_LOCATION" /> -->
98    <!-- <uses-permission android:name="android.permission.ACCESS_FINE_LOCATION" /> -->
99    <!-- <uses-permission android:name="android.permission.ACCESS_BACKGROUND_LOCATION" /> -->
100    <!-- end  permissions from  list if using in your website -->
101    <application
102        android:name="android.app.Application"
102-->src/main/AndroidManifest.xml:48:9-42
103        android.usesCleartextTraffic="true"
103-->src/main/AndroidManifest.xml:50:9-44
104        android:appComponentFactory="androidx.core.app.CoreComponentFactory"
104-->[androidx.core:core:1.10.1] AndroidManifest.xml:28:18-86
105        android:icon="@mipmap/launcher_icon"
105-->src/main/AndroidManifest.xml:49:9-45
106        android:label="Learnigram"
106-->src/main/AndroidManifest.xml:47:9-35
107        android:requestLegacyExternalStorage="true" > <!-- this tag added to display downloading notification -->
107-->src/main/AndroidManifest.xml:51:9-52
108
109j
110        <!-- to allow file permission -->
111        <provider
112            android:name="com.pichillilorenzo.flutter_inappwebview.InAppWebViewFileProvider"
112-->src/main/AndroidManifest.xml:56:11-91
113            android:authorities="learnigram.app.flutter_inappwebview.fileprovider"
113-->src/main/AndroidManifest.xml:57:11-83
114            android:exported="false"
114-->src/main/AndroidManifest.xml:58:11-35
115            android:grantUriPermissions="true" >
115-->src/main/AndroidManifest.xml:59:11-45
116            <meta-data
116-->src/main/AndroidManifest.xml:60:11-62:56
117                android:name="android.support.FILE_PROVIDER_PATHS"
117-->src/main/AndroidManifest.xml:61:15-65
118                android:resource="@xml/provider_paths" />
118-->src/main/AndroidManifest.xml:62:15-53
119        </provider>
120
121        <activity
121-->src/main/AndroidManifest.xml:64:9-96:20
122            android:name="learnigram.app.MainActivity"
122-->src/main/AndroidManifest.xml:65:13-41
123            android:configChanges="orientation|keyboardHidden|keyboard|screenSize|smallestScreenSize|locale|layoutDirection|fontScale|screenLayout|density|uiMode"
123-->src/main/AndroidManifest.xml:69:13-163
124            android:exported="true"
124-->src/main/AndroidManifest.xml:66:13-36
125            android:hardwareAccelerated="true"
125-->src/main/AndroidManifest.xml:70:13-47
126            android:launchMode="singleTop"
126-->src/main/AndroidManifest.xml:67:13-43
127            android:theme="@style/LaunchTheme"
127-->src/main/AndroidManifest.xml:68:13-47
128            android:turnScreenOn="true"
128-->src/main/AndroidManifest.xml:73:13-40
129            android:windowSoftInputMode="adjustResize" >
129-->src/main/AndroidManifest.xml:71:13-55
130
131            <!--
132                 Specifies an Android theme to apply to this Activity as soon as
133                 the Android process has started. This theme is visible to the user
134                 while the Flutter UI initializes. After that, this theme continues
135                 to determine the Window background behind the Flutter UI.
136            -->
137            <meta-data
137-->src/main/AndroidManifest.xml:78:13-81:17
138                android:name="io.flutter.embedding.android.NormalTheme"
138-->src/main/AndroidManifest.xml:79:15-70
139                android:resource="@style/NormalTheme" />
139-->src/main/AndroidManifest.xml:80:15-52
140
141            <intent-filter>
141-->src/main/AndroidManifest.xml:82:13-85:29
142                <action android:name="android.intent.action.MAIN" />
142-->src/main/AndroidManifest.xml:83:17-68
142-->src/main/AndroidManifest.xml:83:25-66
143
144                <category android:name="android.intent.category.LAUNCHER" />
144-->src/main/AndroidManifest.xml:84:17-76
144-->src/main/AndroidManifest.xml:84:27-74
145            </intent-filter>
146
147            <!-- Deep linking -->
148            <meta-data
148-->src/main/AndroidManifest.xml:88:13-90
149                android:name="flutter_deeplinking_enabled"
149-->src/main/AndroidManifest.xml:88:24-66
150                android:value="true" />
150-->src/main/AndroidManifest.xml:88:67-87
151
152            <intent-filter android:autoVerify="true" >
152-->src/main/AndroidManifest.xml:89:13-95:29
152-->src/main/AndroidManifest.xml:89:28-53
153                <action android:name="android.intent.action.VIEW" />
153-->src/main/AndroidManifest.xml:7:9-61
153-->src/main/AndroidManifest.xml:7:17-58
154
155                <category android:name="android.intent.category.DEFAULT" />
155-->src/main/AndroidManifest.xml:91:17-76
155-->src/main/AndroidManifest.xml:91:27-73
156                <category android:name="android.intent.category.BROWSABLE" />
156-->src/main/AndroidManifest.xml:92:17-78
156-->src/main/AndroidManifest.xml:92:27-75
157
158                <data
159                    android:host="android.app.Application"
159-->src/main/AndroidManifest.xml:93:45-78
160                    android:pathPrefix="/"
160-->src/main/AndroidManifest.xml:93:79-101
161                    android:scheme="http" />
161-->src/main/AndroidManifest.xml:8:15-37
162                <data android:scheme="https" />
162-->src/main/AndroidManifest.xml:8:15-37
163            </intent-filter>
164        </activity>
165        <!--
166             Don't delete the meta-data below.
167             This is used by the Flutter tool to generate GeneratedPluginRegistrant.java
168        -->
169        <meta-data
169-->src/main/AndroidManifest.xml:99:9-101:33
170            android:name="flutterEmbedding"
170-->src/main/AndroidManifest.xml:100:13-44
171            android:value="2" />
171-->src/main/AndroidManifest.xml:101:13-30
172
173        <!-- Sample AdMob app ID: ca-app-pub-3940256099942544~3347511713 -->
174        <meta-data
174-->src/main/AndroidManifest.xml:104:9-106:69
175            android:name="com.google.android.gms.ads.APPLICATION_ID"
175-->src/main/AndroidManifest.xml:105:13-69
176            android:value="ca-app-pub-2679412947864190~1550193968" />
176-->src/main/AndroidManifest.xml:106:13-67
177        <meta-data
177-->src/main/AndroidManifest.xml:107:9-109:64
178            android:name="com.onesignal.messaging.default_notification_icon"
178-->src/main/AndroidManifest.xml:108:9-73
179            android:resource="@mipmap/ic_stat_onesignal_default" />
179-->src/main/AndroidManifest.xml:109:9-61
180        <meta-data
180-->src/main/AndroidManifest.xml:110:9-112:34
181            android:name="com.onesignal.NotificationAccentColor.DEFAULT"
181-->src/main/AndroidManifest.xml:111:9-69
182            android:value="FFFFFF" />
182-->src/main/AndroidManifest.xml:112:9-31
183        <!--
184below line Allows you to handle programmatically.
185Setting the value to false will launch the url in a browser.
186        -->
187        <meta-data
187-->src/main/AndroidManifest.xml:115:9-90
188            android:name="com.onesignal.suppressLaunchURLs"
188-->src/main/AndroidManifest.xml:115:20-67
189            android:value="true" />
189-->src/main/AndroidManifest.xml:115:68-88
190        <!-- end -->
191        <receiver
191-->[:flutter_local_notifications] AndroidManifest.xml:16:9-18:40
192            android:name="com.dexterous.flutterlocalnotifications.ActionBroadcastReceiver"
192-->[:flutter_local_notifications] AndroidManifest.xml:17:13-91
193            android:exported="false" />
193-->[:flutter_local_notifications] AndroidManifest.xml:18:13-37
194        <receiver
194-->[:flutter_local_notifications] AndroidManifest.xml:19:9-21:40
195            android:name="com.dexterous.flutterlocalnotifications.ScheduledNotificationReceiver"
195-->[:flutter_local_notifications] AndroidManifest.xml:20:13-97
196            android:exported="false" />
196-->[:flutter_local_notifications] AndroidManifest.xml:21:13-37
197        <receiver
197-->[:flutter_local_notifications] AndroidManifest.xml:22:9-31:20
198            android:name="com.dexterous.flutterlocalnotifications.ScheduledNotificationBootReceiver"
198-->[:flutter_local_notifications] AndroidManifest.xml:23:13-101
199            android:exported="false" >
199-->[:flutter_local_notifications] AndroidManifest.xml:24:13-37
200            <intent-filter>
200-->[:flutter_local_notifications] AndroidManifest.xml:25:13-30:29
201                <action android:name="android.intent.action.BOOT_COMPLETED" />
201-->[:flutter_local_notifications] AndroidManifest.xml:26:17-79
201-->[:flutter_local_notifications] AndroidManifest.xml:26:25-76
202                <action android:name="android.intent.action.MY_PACKAGE_REPLACED" />
202-->[:flutter_local_notifications] AndroidManifest.xml:27:17-84
202-->[:flutter_local_notifications] AndroidManifest.xml:27:25-81
203                <action android:name="android.intent.action.QUICKBOOT_POWERON" />
203-->[:flutter_local_notifications] AndroidManifest.xml:28:17-82
203-->[:flutter_local_notifications] AndroidManifest.xml:28:25-79
204                <action android:name="com.htc.intent.action.QUICKBOOT_POWERON" />
204-->[:flutter_local_notifications] AndroidManifest.xml:29:17-82
204-->[:flutter_local_notifications] AndroidManifest.xml:29:25-79
205            </intent-filter>
206        </receiver>
207
208        <activity
208-->[:url_launcher_android] AndroidManifest.xml:10:9-13:74
209            android:name="io.flutter.plugins.urllauncher.WebViewActivity"
209-->[:url_launcher_android] AndroidManifest.xml:11:13-74
210            android:exported="false"
210-->[:url_launcher_android] AndroidManifest.xml:12:13-37
211            android:theme="@android:style/Theme.NoTitleBar.Fullscreen" />
211-->[:url_launcher_android] AndroidManifest.xml:13:13-71
212
213        <meta-data
213-->[:google_mobile_ads] AndroidManifest.xml:12:9-14:36
214            android:name="io.flutter.embedded_views_preview"
214-->[:google_mobile_ads] AndroidManifest.xml:13:13-61
215            android:value="true" />
215-->[:google_mobile_ads] AndroidManifest.xml:14:13-33
216
217        <activity
217-->[:flutter_inappwebview] AndroidManifest.xml:16:9-20:47
218            android:name="com.pichillilorenzo.flutter_inappwebview.in_app_browser.InAppBrowserActivity"
218-->[:flutter_inappwebview] AndroidManifest.xml:17:13-104
219            android:configChanges="orientation|keyboardHidden|keyboard|screenSize|locale|layoutDirection|fontScale|screenLayout|density"
219-->[:flutter_inappwebview] AndroidManifest.xml:18:13-137
220            android:exported="false"
220-->[:flutter_inappwebview] AndroidManifest.xml:19:13-37
221            android:theme="@style/AppTheme" />
221-->[:flutter_inappwebview] AndroidManifest.xml:20:13-44
222        <activity
222-->[:flutter_inappwebview] AndroidManifest.xml:21:9-24:55
223            android:name="com.pichillilorenzo.flutter_inappwebview.chrome_custom_tabs.ChromeCustomTabsActivity"
223-->[:flutter_inappwebview] AndroidManifest.xml:22:13-112
224            android:exported="false"
224-->[:flutter_inappwebview] AndroidManifest.xml:23:13-37
225            android:theme="@style/ThemeTransparent" />
225-->[:flutter_inappwebview] AndroidManifest.xml:24:13-52
226        <activity
226-->[:flutter_inappwebview] AndroidManifest.xml:25:9-28:55
227            android:name="com.pichillilorenzo.flutter_inappwebview.chrome_custom_tabs.TrustedWebActivity"
227-->[:flutter_inappwebview] AndroidManifest.xml:26:13-106
228            android:exported="false"
228-->[:flutter_inappwebview] AndroidManifest.xml:27:13-37
229            android:theme="@style/ThemeTransparent" />
229-->[:flutter_inappwebview] AndroidManifest.xml:28:13-52
230        <activity
230-->[:flutter_inappwebview] AndroidManifest.xml:29:9-33:55
231            android:name="com.pichillilorenzo.flutter_inappwebview.chrome_custom_tabs.ChromeCustomTabsActivitySingleInstance"
231-->[:flutter_inappwebview] AndroidManifest.xml:30:13-126
232            android:exported="false"
232-->[:flutter_inappwebview] AndroidManifest.xml:31:13-37
233            android:launchMode="singleInstance"
233-->[:flutter_inappwebview] AndroidManifest.xml:32:13-48
234            android:theme="@style/ThemeTransparent" />
234-->[:flutter_inappwebview] AndroidManifest.xml:33:13-52
235        <activity
235-->[:flutter_inappwebview] AndroidManifest.xml:34:9-38:55
236            android:name="com.pichillilorenzo.flutter_inappwebview.chrome_custom_tabs.TrustedWebActivitySingleInstance"
236-->[:flutter_inappwebview] AndroidManifest.xml:35:13-120
237            android:exported="false"
237-->[:flutter_inappwebview] AndroidManifest.xml:36:13-37
238            android:launchMode="singleInstance"
238-->[:flutter_inappwebview] AndroidManifest.xml:37:13-48
239            android:theme="@style/ThemeTransparent" />
239-->[:flutter_inappwebview] AndroidManifest.xml:38:13-52
240
241        <receiver
241-->[:flutter_inappwebview] AndroidManifest.xml:40:9-43:40
242            android:name="com.pichillilorenzo.flutter_inappwebview.chrome_custom_tabs.ActionBroadcastReceiver"
242-->[:flutter_inappwebview] AndroidManifest.xml:41:13-111
243            android:enabled="true"
243-->[:flutter_inappwebview] AndroidManifest.xml:42:13-35
244            android:exported="false" />
244-->[:flutter_inappwebview] AndroidManifest.xml:43:13-37
245        <!--
246           Declares a provider which allows us to store files to share in
247           '.../caches/share_plus' and grant the receiving action access
248        -->
249        <provider
249-->[:share_plus] AndroidManifest.xml:15:9-23:20
250            android:name="dev.fluttercommunity.plus.share.ShareFileProvider"
250-->[:share_plus] AndroidManifest.xml:16:13-77
251            android:authorities="learnigram.app.flutter.share_provider"
251-->[:share_plus] AndroidManifest.xml:17:13-74
252            android:exported="false"
252-->[:share_plus] AndroidManifest.xml:18:13-37
253            android:grantUriPermissions="true" >
253-->[:share_plus] AndroidManifest.xml:19:13-47
254            <meta-data
254-->src/main/AndroidManifest.xml:60:11-62:56
255                android:name="android.support.FILE_PROVIDER_PATHS"
255-->src/main/AndroidManifest.xml:61:15-65
256                android:resource="@xml/flutter_share_file_paths" />
256-->src/main/AndroidManifest.xml:62:15-53
257        </provider>
258        <!--
259           This manifest declared broadcast receiver allows us to use an explicit
260           Intent when creating a PendingItent to be informed of the user's choice
261        -->
262        <receiver
262-->[:share_plus] AndroidManifest.xml:28:9-34:20
263            android:name="dev.fluttercommunity.plus.share.SharePlusPendingIntent"
263-->[:share_plus] AndroidManifest.xml:29:13-82
264            android:exported="false" >
264-->[:share_plus] AndroidManifest.xml:30:13-37
265            <intent-filter>
265-->[:share_plus] AndroidManifest.xml:31:13-33:29
266                <action android:name="EXTRA_CHOSEN_COMPONENT" />
266-->[:share_plus] AndroidManifest.xml:32:17-65
266-->[:share_plus] AndroidManifest.xml:32:25-62
267            </intent-filter>
268        </receiver>
269        <receiver
269-->[com.onesignal:OneSignal:4.8.5] AndroidManifest.xml:50:9-61:20
270            android:name="com.onesignal.FCMBroadcastReceiver"
270-->[com.onesignal:OneSignal:4.8.5] AndroidManifest.xml:51:13-62
271            android:exported="true"
271-->[com.onesignal:OneSignal:4.8.5] AndroidManifest.xml:52:13-36
272            android:permission="com.google.android.c2dm.permission.SEND" >
272-->[com.onesignal:OneSignal:4.8.5] AndroidManifest.xml:53:13-73
273
274            <!-- High priority so OneSignal payloads can be filtered from other FCM receivers -->
275            <intent-filter android:priority="999" >
275-->[com.onesignal:OneSignal:4.8.5] AndroidManifest.xml:56:13-60:29
275-->[com.onesignal:OneSignal:4.8.5] AndroidManifest.xml:56:28-50
276                <action android:name="com.google.android.c2dm.intent.RECEIVE" />
276-->[com.onesignal:OneSignal:4.8.5] AndroidManifest.xml:57:17-81
276-->[com.onesignal:OneSignal:4.8.5] AndroidManifest.xml:57:25-78
277
278                <category android:name="learnigram.app" />
278-->[com.onesignal:OneSignal:4.8.5] AndroidManifest.xml:59:17-61
278-->[com.onesignal:OneSignal:4.8.5] AndroidManifest.xml:59:27-58
279            </intent-filter>
280        </receiver>
281
282        <service
282-->[com.onesignal:OneSignal:4.8.5] AndroidManifest.xml:63:9-69:19
283            android:name="com.onesignal.HmsMessageServiceOneSignal"
283-->[com.onesignal:OneSignal:4.8.5] AndroidManifest.xml:64:13-68
284            android:exported="false" >
284-->[com.onesignal:OneSignal:4.8.5] AndroidManifest.xml:65:13-37
285            <intent-filter>
285-->[com.onesignal:OneSignal:4.8.5] AndroidManifest.xml:66:13-68:29
286                <action android:name="com.huawei.push.action.MESSAGING_EVENT" />
286-->[com.onesignal:OneSignal:4.8.5] AndroidManifest.xml:67:17-81
286-->[com.onesignal:OneSignal:4.8.5] AndroidManifest.xml:67:25-78
287            </intent-filter>
288        </service>
289
290        <activity
290-->[com.onesignal:OneSignal:4.8.5] AndroidManifest.xml:71:9-79:20
291            android:name="com.onesignal.NotificationOpenedActivityHMS"
291-->[com.onesignal:OneSignal:4.8.5] AndroidManifest.xml:72:13-71
292            android:exported="true"
292-->[com.onesignal:OneSignal:4.8.5] AndroidManifest.xml:73:13-36
293            android:noHistory="true"
293-->[com.onesignal:OneSignal:4.8.5] AndroidManifest.xml:74:13-37
294            android:theme="@android:style/Theme.Translucent.NoTitleBar" >
294-->[com.onesignal:OneSignal:4.8.5] AndroidManifest.xml:75:13-72
295            <intent-filter>
295-->[com.onesignal:OneSignal:4.8.5] AndroidManifest.xml:76:13-78:29
296                <action android:name="android.intent.action.VIEW" />
296-->src/main/AndroidManifest.xml:7:9-61
296-->src/main/AndroidManifest.xml:7:17-58
297            </intent-filter>
298        </activity>
299
300        <service
300-->[com.onesignal:OneSignal:4.8.5] AndroidManifest.xml:81:9-83:40
301            android:name="com.onesignal.FCMIntentService"
301-->[com.onesignal:OneSignal:4.8.5] AndroidManifest.xml:82:13-58
302            android:exported="false" />
302-->[com.onesignal:OneSignal:4.8.5] AndroidManifest.xml:83:13-37
303        <service
303-->[com.onesignal:OneSignal:4.8.5] AndroidManifest.xml:84:9-87:72
304            android:name="com.onesignal.FCMIntentJobService"
304-->[com.onesignal:OneSignal:4.8.5] AndroidManifest.xml:85:13-61
305            android:exported="false"
305-->[com.onesignal:OneSignal:4.8.5] AndroidManifest.xml:86:13-37
306            android:permission="android.permission.BIND_JOB_SERVICE" />
306-->[com.onesignal:OneSignal:4.8.5] AndroidManifest.xml:87:13-69
307        <service
307-->[com.onesignal:OneSignal:4.8.5] AndroidManifest.xml:88:9-91:43
308            android:name="com.onesignal.SyncService"
308-->[com.onesignal:OneSignal:4.8.5] AndroidManifest.xml:89:13-53
309            android:exported="false"
309-->[com.onesignal:OneSignal:4.8.5] AndroidManifest.xml:90:13-37
310            android:stopWithTask="true" />